<?xml version="1.0" encoding="UTF-8"?>
<!-- Generated by org.testng.reporters.JUnitReportReporter -->
<testsuite skipped="0" hostname="LAPTOP-CM29R4OJ" name="com.TestNGfeatures.Dependency_Concept" tests="2" failures="0" timestamp="2022-02-22T09:37:43 IST" time="0.007" errors="0">
  <testcase name="tenth" time="0.006" classname="com.TestNGfeatures.Dependency_Concept"/>
  <system-out/>
  <testcase name="twelth" time="0.001" classname="com.TestNGfeatures.Dependency_Concept"/>
  <system-out/>
</testsuite> <!-- com.TestNGfeatures.Dependency_Concept -->
