<?xml version="1.0" encoding="UTF-8"?>
<!-- Generated by org.testng.reporters.JUnitReportReporter -->
<testsuite skipped="0" hostname="LAPTOP-CM29R4OJ" name="com.TestNGfeatures.Hard_Assert_Concept" tests="1" failures="0" timestamp="2022-02-26T11:10:42 IST" time="0.008" errors="0">
  <testcase name="demo_Username" time="0.008" classname="com.TestNGfeatures.Hard_Assert_Concept"/>
  <system-out/>
</testsuite> <!-- com.TestNGfeatures.Hard_Assert_Concept -->
