<?xml version="1.0" encoding="UTF-8"?>
<!-- Generated by org.testng.reporters.JUnitReportReporter -->
<testsuite skipped="0" hostname="LAPTOP-CM29R4OJ" name="com.TestNGfeatures.Timeout_Concept" tests="1" failures="0" timestamp="2022-02-22T09:34:08 IST" time="6.040" errors="0">
  <testcase name="login" time="6.040" classname="com.TestNGfeatures.Timeout_Concept"/>
  <system-out/>
</testsuite> <!-- com.TestNGfeatures.Timeout_Concept -->
