<?xml version="1.0" encoding="UTF-8"?>
<!-- Generated by org.testng.reporters.JUnitReportReporter -->
<testsuite skipped="0" hostname="LAPTOP-CM29R4OJ" name="com.TestNGfeatures.Grouping_Concept" tests="5" failures="0" timestamp="2022-02-20T12:20:04 IST" time="0.009" errors="0">
  <testcase name="chicken" time="0.005" classname="com.TestNGfeatures.Grouping_Concept"/>
  <system-out/>
  <testcase name="muttonBiriyani" time="0.001" classname="com.TestNGfeatures.Grouping_Concept"/>
  <system-out/>
  <testcase name="chickenRollShawarma" time="0.001" classname="com.TestNGfeatures.Grouping_Concept"/>
  <system-out/>
  <testcase name="curdRice" time="0.001" classname="com.TestNGfeatures.Grouping_Concept"/>
  <system-out/>
  <testcase name="sambar" time="0.001" classname="com.TestNGfeatures.Grouping_Concept"/>
  <system-out/>
</testsuite> <!-- com.TestNGfeatures.Grouping_Concept -->
