<?xml version="1.0" encoding="UTF-8"?>
<!-- Generated by org.testng.reporters.JUnitReportReporter -->
<testsuite skipped="1" hostname="LAPTOP-CM29R4OJ" name="com.TestNGfeatures.Ignore_Concept" tests="5" failures="0" timestamp="2022-02-22T22:49:21 IST" time="0.008" errors="0">
  <testcase name="chicken" time="0.006" classname="com.TestNGfeatures.Ignore_Concept"/>
  <system-out/>
  <testcase name="chickenRollShawarma" time="0.001" classname="com.TestNGfeatures.Ignore_Concept"/>
  <system-out/>
  <testcase name="sambar" time="0.001" classname="com.TestNGfeatures.Ignore_Concept"/>
  <system-out/>
  <testcase name="curdRice" time="0.000" classname="com.TestNGfeatures.Ignore_Concept"/>
  <system-out/>
  <testcase name="muttonBiriyani" classname="com.TestNGfeatures.Ignore_Concept">
    <skipped/>
  </testcase> <!-- muttonBiriyani -->
  <system-out/>
</testsuite> <!-- com.TestNGfeatures.Ignore_Concept -->
