<?xml version="1.0" encoding="UTF-8"?>
<!-- Generated by org.testng.reporters.JUnitReportReporter -->
<testsuite skipped="0" hostname="LAPTOP-CM29R4OJ" name="com.TestNGfeatures.Soft_Assert_Concept" tests="1" failures="0" timestamp="2022-02-23T20:41:22 IST" time="0.014" errors="0">
  <testcase name="demo_Password" time="0.014" classname="com.TestNGfeatures.Soft_Assert_Concept"/>
  <system-out/>
</testsuite> <!-- com.TestNGfeatures.Soft_Assert_Concept -->
